  ActiveRTSPServer.cpp
  RelayStreamServer.cpp
  Generating Code...
baseMedia_x64_deb.lib(BaseHashTable.obj) : warning LNK4099: PDB 'baseMedia.pdb' was not found with 'baseMedia_x64_deb.lib(BaseHashTable.obj)' or at 'C:\Users\chau\Source\Repos\chaupv12\relayserver\x64\Debug\baseMedia.pdb'; linking object as if no debug info
baseMedia_x64_deb.lib(BaseTaskScheduler.obj) : warning LNK4099: PDB 'baseMedia.pdb' was not found with 'baseMedia_x64_deb.lib(BaseTaskScheduler.obj)' or at 'C:\Users\chau\Source\Repos\chaupv12\relayserver\x64\Debug\baseMedia.pdb'; linking object as if no debug info
baseMedia_x64_deb.lib(BaseTaskScheduler0.obj) : warning LNK4099: PDB '' was not found with 'baseMedia_x64_deb.lib(BaseTaskScheduler0.obj)' or at ''; linking object as if no debug info
baseMedia_x64_deb.lib(BaseUtilEnv.obj) : warning LNK4099: PDB 'baseMedia.pdb' was not found with 'baseMedia_x64_deb.lib(BaseUtilEnv.obj)' or at 'C:\Users\chau\Source\Repos\chaupv12\relayserver\x64\Debug\baseMedia.pdb'; linking object as if no debug info
baseMedia_x64_deb.lib(BaseUtilEnv0.obj) : warning LNK4099: PDB '' was not found with 'baseMedia_x64_deb.lib(BaseUtilEnv0.obj)' or at ''; linking object as if no debug info
baseMedia_x64_deb.lib(DelayQueue.obj) : warning LNK4099: PDB 'baseMedia.pdb' was not found with 'baseMedia_x64_deb.lib(DelayQueue.obj)' or at 'C:\Users\chau\Source\Repos\chaupv12\relayserver\x64\Debug\baseMedia.pdb'; linking object as if no debug info
baseMedia_x64_deb.lib(BaseEnv.obj) : warning LNK4099: PDB '' was not found with 'baseMedia_x64_deb.lib(BaseEnv.obj)' or at ''; linking object as if no debug info
baseMedia_x64_deb.lib(HashTable.obj) : warning LNK4099: PDB 'baseMedia.pdb' was not found with 'baseMedia_x64_deb.lib(HashTable.obj)' or at 'C:\Users\chau\Source\Repos\chaupv12\relayserver\x64\Debug\baseMedia.pdb'; linking object as if no debug info
baseMedia_x64_deb.lib(strDup.obj) : warning LNK4099: PDB 'baseMedia.pdb' was not found with 'baseMedia_x64_deb.lib(strDup.obj)' or at 'C:\Users\chau\Source\Repos\chaupv12\relayserver\x64\Debug\baseMedia.pdb'; linking object as if no debug info
baseMedia_x64_deb.lib(AC3AudioFileServerMediaSubsession.obj) : warning LNK4099: PDB 'baseMedia.pdb' was not found with 'baseMedia_x64_deb.lib(AC3AudioFileServerMediaSubsession.obj)' or at 'C:\Users\chau\Source\Repos\chaupv12\relayserver\x64\Debug\baseMedia.pdb'; linking object as if no debug info
baseMedia_x64_deb.lib(AC3AudioRTPSink.obj) : warning LNK4099: PDB '' was not found with 'baseMedia_x64_deb.lib(AC3AudioRTPSink.obj)' or at ''; linking object as if no debug info
baseMedia_x64_deb.lib(AC3AudioRTPSource.obj) : warning LNK4099: PDB 'baseMedia.pdb' was not found with 'baseMedia_x64_deb.lib(AC3AudioRTPSource.obj)' or at 'C:\Users\chau\Source\Repos\chaupv12\relayserver\x64\Debug\baseMedia.pdb'; linking object as if no debug info
baseMedia_x64_deb.lib(AC3AudioStreamFramer.obj) : warning LNK4099: PDB '' was not found with 'baseMedia_x64_deb.lib(AC3AudioStreamFramer.obj)' or at ''; linking object as if no debug info
baseMedia_x64_deb.lib(ADTSAudioFileServerMediaSubsession.obj) : warning LNK4099: PDB 'baseMedia.pdb' was not found with 'baseMedia_x64_deb.lib(ADTSAudioFileServerMediaSubsession.obj)' or at 'C:\Users\chau\Source\Repos\chaupv12\relayserver\x64\Debug\baseMedia.pdb'; linking object as if no debug info
baseMedia_x64_deb.lib(ADTSAudioFileSource.obj) : warning LNK4099: PDB '' was not found with 'baseMedia_x64_deb.lib(ADTSAudioFileSource.obj)' or at ''; linking object as if no debug info
baseMedia_x64_deb.lib(AMRAudioFileServerMediaSubsession.obj) : warning LNK4099: PDB 'baseMedia.pdb' was not found with 'baseMedia_x64_deb.lib(AMRAudioFileServerMediaSubsession.obj)' or at 'C:\Users\chau\Source\Repos\chaupv12\relayserver\x64\Debug\baseMedia.pdb'; linking object as if no debug info
baseMedia_x64_deb.lib(AMRAudioFileSink.obj) : warning LNK4099: PDB '' was not found with 'baseMedia_x64_deb.lib(AMRAudioFileSink.obj)' or at ''; linking object as if no debug info
baseMedia_x64_deb.lib(AMRAudioFileSource.obj) : warning LNK4099: PDB 'baseMedia.pdb' was not found with 'baseMedia_x64_deb.lib(AMRAudioFileSource.obj)' or at 'C:\Users\chau\Source\Repos\chaupv12\relayserver\x64\Debug\baseMedia.pdb'; linking object as if no debug info
baseMedia_x64_deb.lib(AMRAudioRTPSink.obj) : warning LNK4099: PDB '' was not found with 'baseMedia_x64_deb.lib(AMRAudioRTPSink.obj)' or at ''; linking object as if no debug info
baseMedia_x64_deb.lib(AMRAudioRTPSource.obj) : warning LNK4099: PDB 'baseMedia.pdb' was not found with 'baseMedia_x64_deb.lib(AMRAudioRTPSource.obj)' or at 'C:\Users\chau\Source\Repos\chaupv12\relayserver\x64\Debug\baseMedia.pdb'; linking object as if no debug info
baseMedia_x64_deb.lib(AMRAudioSource.obj) : warning LNK4099: PDB 'baseMedia.pdb' was not found with 'baseMedia_x64_deb.lib(AMRAudioSource.obj)' or at 'C:\Users\chau\Source\Repos\chaupv12\relayserver\x64\Debug\baseMedia.pdb'; linking object as if no debug info
baseMedia_x64_deb.lib(AudioInputDevice.obj) : warning LNK4099: PDB 'baseMedia.pdb' was not found with 'baseMedia_x64_deb.lib(AudioInputDevice.obj)' or at 'C:\Users\chau\Source\Repos\chaupv12\relayserver\x64\Debug\baseMedia.pdb'; linking object as if no debug info
baseMedia_x64_deb.lib(AudioRTPSink.obj) : warning LNK4099: PDB '' was not found with 'baseMedia_x64_deb.lib(AudioRTPSink.obj)' or at ''; linking object as if no debug info
baseMedia_x64_deb.lib(Base64.obj) : warning LNK4099: PDB 'baseMedia.pdb' was not found with 'baseMedia_x64_deb.lib(Base64.obj)' or at 'C:\Users\chau\Source\Repos\chaupv12\relayserver\x64\Debug\baseMedia.pdb'; linking object as if no debug info
baseMedia_x64_deb.lib(BasicUDPSink.obj) : warning LNK4099: PDB '' was not found with 'baseMedia_x64_deb.lib(BasicUDPSink.obj)' or at ''; linking object as if no debug info
baseMedia_x64_deb.lib(BasicUDPSource.obj) : warning LNK4099: PDB 'baseMedia.pdb' was not found with 'baseMedia_x64_deb.lib(BasicUDPSource.obj)' or at 'C:\Users\chau\Source\Repos\chaupv12\relayserver\x64\Debug\baseMedia.pdb'; linking object as if no debug info
baseMedia_x64_deb.lib(BitVector.obj) : warning LNK4099: PDB '' was not found with 'baseMedia_x64_deb.lib(BitVector.obj)' or at ''; linking object as if no debug info
baseMedia_x64_deb.lib(ByteStreamFileSource.obj) : warning LNK4099: PDB 'baseMedia.pdb' was not found with 'baseMedia_x64_deb.lib(ByteStreamFileSource.obj)' or at 'C:\Users\chau\Source\Repos\chaupv12\relayserver\x64\Debug\baseMedia.pdb'; linking object as if no debug info
baseMedia_x64_deb.lib(DigestAuthentication.obj) : warning LNK4099: PDB 'baseMedia.pdb' was not found with 'baseMedia_x64_deb.lib(DigestAuthentication.obj)' or at 'C:\Users\chau\Source\Repos\chaupv12\relayserver\x64\Debug\baseMedia.pdb'; linking object as if no debug info
baseMedia_x64_deb.lib(DVVideoFileServerMediaSubsession.obj) : warning LNK4099: PDB 'baseMedia.pdb' was not found with 'baseMedia_x64_deb.lib(DVVideoFileServerMediaSubsession.obj)' or at 'C:\Users\chau\Source\Repos\chaupv12\relayserver\x64\Debug\baseMedia.pdb'; linking object as if no debug info
baseMedia_x64_deb.lib(DVVideoRTPSink.obj) : warning LNK4099: PDB '' was not found with 'baseMedia_x64_deb.lib(DVVideoRTPSink.obj)' or at ''; linking object as if no debug info
baseMedia_x64_deb.lib(DVVideoRTPSource.obj) : warning LNK4099: PDB 'baseMedia.pdb' was not found with 'baseMedia_x64_deb.lib(DVVideoRTPSource.obj)' or at 'C:\Users\chau\Source\Repos\chaupv12\relayserver\x64\Debug\baseMedia.pdb'; linking object as if no debug info
baseMedia_x64_deb.lib(DVVideoStreamFramer.obj) : warning LNK4099: PDB 'baseMedia.pdb' was not found with 'baseMedia_x64_deb.lib(DVVideoStreamFramer.obj)' or at 'C:\Users\chau\Source\Repos\chaupv12\relayserver\x64\Debug\baseMedia.pdb'; linking object as if no debug info
baseMedia_x64_deb.lib(EBMLNumber.obj) : warning LNK4099: PDB 'baseMedia.pdb' was not found with 'baseMedia_x64_deb.lib(EBMLNumber.obj)' or at 'C:\Users\chau\Source\Repos\chaupv12\relayserver\x64\Debug\baseMedia.pdb'; linking object as if no debug info
baseMedia_x64_deb.lib(FileServerMediaSubsession.obj) : warning LNK4099: PDB 'baseMedia.pdb' was not found with 'baseMedia_x64_deb.lib(FileServerMediaSubsession.obj)' or at 'C:\Users\chau\Source\Repos\chaupv12\relayserver\x64\Debug\baseMedia.pdb'; linking object as if no debug info
baseMedia_x64_deb.lib(FileSink.obj) : warning LNK4099: PDB 'baseMedia.pdb' was not found with 'baseMedia_x64_deb.lib(FileSink.obj)' or at 'C:\Users\chau\Source\Repos\chaupv12\relayserver\x64\Debug\baseMedia.pdb'; linking object as if no debug info
baseMedia_x64_deb.lib(FramedFileSource.obj) : warning LNK4099: PDB '' was not found with 'baseMedia_x64_deb.lib(FramedFileSource.obj)' or at ''; linking object as if no debug info
baseMedia_x64_deb.lib(FramedFilter.obj) : warning LNK4099: PDB 'baseMedia.pdb' was not found with 'baseMedia_x64_deb.lib(FramedFilter.obj)' or at 'C:\Users\chau\Source\Repos\chaupv12\relayserver\x64\Debug\baseMedia.pdb'; linking object as if no debug info
baseMedia_x64_deb.lib(FramedSource.obj) : warning LNK4099: PDB '' was not found with 'baseMedia_x64_deb.lib(FramedSource.obj)' or at ''; linking object as if no debug info
baseMedia_x64_deb.lib(GenericMediaServer.obj) : warning LNK4099: PDB 'baseMedia.pdb' was not found with 'baseMedia_x64_deb.lib(GenericMediaServer.obj)' or at 'C:\Users\chau\Source\Repos\chaupv12\relayserver\x64\Debug\baseMedia.pdb'; linking object as if no debug info
baseMedia_x64_deb.lib(GSMAudioRTPSink.obj) : warning LNK4099: PDB 'baseMedia.pdb' was not found with 'baseMedia_x64_deb.lib(GSMAudioRTPSink.obj)' or at 'C:\Users\chau\Source\Repos\chaupv12\relayserver\x64\Debug\baseMedia.pdb'; linking object as if no debug info
baseMedia_x64_deb.lib(H261VideoRTPSource.obj) : warning LNK4099: PDB 'baseMedia.pdb' was not found with 'baseMedia_x64_deb.lib(H261VideoRTPSource.obj)' or at 'C:\Users\chau\Source\Repos\chaupv12\relayserver\x64\Debug\baseMedia.pdb'; linking object as if no debug info
baseMedia_x64_deb.lib(H263plusVideoRTPSink.obj) : warning LNK4099: PDB '' was not found with 'baseMedia_x64_deb.lib(H263plusVideoRTPSink.obj)' or at ''; linking object as if no debug info
baseMedia_x64_deb.lib(H263plusVideoRTPSource.obj) : warning LNK4099: PDB '' was not found with 'baseMedia_x64_deb.lib(H263plusVideoRTPSource.obj)' or at ''; linking object as if no debug info
baseMedia_x64_deb.lib(H264or5VideoFileSink.obj) : warning LNK4099: PDB '' was not found with 'baseMedia_x64_deb.lib(H264or5VideoFileSink.obj)' or at ''; linking object as if no debug info
baseMedia_x64_deb.lib(H264or5VideoRTPSink.obj) : warning LNK4099: PDB 'baseMedia.pdb' was not found with 'baseMedia_x64_deb.lib(H264or5VideoRTPSink.obj)' or at 'C:\Users\chau\Source\Repos\chaupv12\relayserver\x64\Debug\baseMedia.pdb'; linking object as if no debug info
baseMedia_x64_deb.lib(H264or5VideoStreamDiscreteFramer.obj) : warning LNK4099: PDB '' was not found with 'baseMedia_x64_deb.lib(H264or5VideoStreamDiscreteFramer.obj)' or at ''; linking object as if no debug info
baseMedia_x64_deb.lib(H264or5VideoStreamFramer.obj) : warning LNK4099: PDB 'baseMedia.pdb' was not found with 'baseMedia_x64_deb.lib(H264or5VideoStreamFramer.obj)' or at 'C:\Users\chau\Source\Repos\chaupv12\relayserver\x64\Debug\baseMedia.pdb'; linking object as if no debug info
baseMedia_x64_deb.lib(H264VideoFileServerMediaSubsession.obj) : warning LNK4099: PDB 'baseMedia.pdb' was not found with 'baseMedia_x64_deb.lib(H264VideoFileServerMediaSubsession.obj)' or at 'C:\Users\chau\Source\Repos\chaupv12\relayserver\x64\Debug\baseMedia.pdb'; linking object as if no debug info
baseMedia_x64_deb.lib(H264VideoFileSink.obj) : warning LNK4099: PDB 'baseMedia.pdb' was not found with 'baseMedia_x64_deb.lib(H264VideoFileSink.obj)' or at 'C:\Users\chau\Source\Repos\chaupv12\relayserver\x64\Debug\baseMedia.pdb'; linking object as if no debug info
baseMedia_x64_deb.lib(H264VideoRTPSink.obj) : warning LNK4099: PDB '' was not found with 'baseMedia_x64_deb.lib(H264VideoRTPSink.obj)' or at ''; linking object as if no debug info
baseMedia_x64_deb.lib(H264VideoRTPSource.obj) : warning LNK4099: PDB 'baseMedia.pdb' was not found with 'baseMedia_x64_deb.lib(H264VideoRTPSource.obj)' or at 'C:\Users\chau\Source\Repos\chaupv12\relayserver\x64\Debug\baseMedia.pdb'; linking object as if no debug info
baseMedia_x64_deb.lib(H264VideoStreamDiscreteFramer.obj) : warning LNK4099: PDB '' was not found with 'baseMedia_x64_deb.lib(H264VideoStreamDiscreteFramer.obj)' or at ''; linking object as if no debug info
baseMedia_x64_deb.lib(H264VideoStreamFramer.obj) : warning LNK4099: PDB 'baseMedia.pdb' was not found with 'baseMedia_x64_deb.lib(H264VideoStreamFramer.obj)' or at 'C:\Users\chau\Source\Repos\chaupv12\relayserver\x64\Debug\baseMedia.pdb'; linking object as if no debug info
baseMedia_x64_deb.lib(H265VideoFileServerMediaSubsession.obj) : warning LNK4099: PDB 'baseMedia.pdb' was not found with 'baseMedia_x64_deb.lib(H265VideoFileServerMediaSubsession.obj)' or at 'C:\Users\chau\Source\Repos\chaupv12\relayserver\x64\Debug\baseMedia.pdb'; linking object as if no debug info
baseMedia_x64_deb.lib(H265VideoFileSink.obj) : warning LNK4099: PDB 'baseMedia.pdb' was not found with 'baseMedia_x64_deb.lib(H265VideoFileSink.obj)' or at 'C:\Users\chau\Source\Repos\chaupv12\relayserver\x64\Debug\baseMedia.pdb'; linking object as if no debug info
baseMedia_x64_deb.lib(H265VideoRTPSink.obj) : warning LNK4099: PDB '' was not found with 'baseMedia_x64_deb.lib(H265VideoRTPSink.obj)' or at ''; linking object as if no debug info
baseMedia_x64_deb.lib(H265VideoRTPSource.obj) : warning LNK4099: PDB 'baseMedia.pdb' was not found with 'baseMedia_x64_deb.lib(H265VideoRTPSource.obj)' or at 'C:\Users\chau\Source\Repos\chaupv12\relayserver\x64\Debug\baseMedia.pdb'; linking object as if no debug info
baseMedia_x64_deb.lib(H265VideoStreamDiscreteFramer.obj) : warning LNK4099: PDB '' was not found with 'baseMedia_x64_deb.lib(H265VideoStreamDiscreteFramer.obj)' or at ''; linking object as if no debug info
baseMedia_x64_deb.lib(H265VideoStreamFramer.obj) : warning LNK4099: PDB 'baseMedia.pdb' was not found with 'baseMedia_x64_deb.lib(H265VideoStreamFramer.obj)' or at 'C:\Users\chau\Source\Repos\chaupv12\relayserver\x64\Debug\baseMedia.pdb'; linking object as if no debug info
baseMedia_x64_deb.lib(InputFile.obj) : warning LNK4099: PDB '' was not found with 'baseMedia_x64_deb.lib(InputFile.obj)' or at ''; linking object as if no debug info
baseMedia_x64_deb.lib(JPEG2000VideoRTPSource.obj) : warning LNK4099: PDB 'baseMedia.pdb' was not found with 'baseMedia_x64_deb.lib(JPEG2000VideoRTPSource.obj)' or at 'C:\Users\chau\Source\Repos\chaupv12\relayserver\x64\Debug\baseMedia.pdb'; linking object as if no debug info
baseMedia_x64_deb.lib(JPEGVideoRTPSource.obj) : warning LNK4099: PDB '' was not found with 'baseMedia_x64_deb.lib(JPEGVideoRTPSource.obj)' or at ''; linking object as if no debug info
baseMedia_x64_deb.lib(Locale.obj) : warning LNK4099: PDB 'baseMedia.pdb' was not found with 'baseMedia_x64_deb.lib(Locale.obj)' or at 'C:\Users\chau\Source\Repos\chaupv12\relayserver\x64\Debug\baseMedia.pdb'; linking object as if no debug info
baseMedia_x64_deb.lib(MatroskaDemuxedTrack.obj) : warning LNK4099: PDB '' was not found with 'baseMedia_x64_deb.lib(MatroskaDemuxedTrack.obj)' or at ''; linking object as if no debug info
baseMedia_x64_deb.lib(MatroskaFile.obj) : warning LNK4099: PDB 'baseMedia.pdb' was not found with 'baseMedia_x64_deb.lib(MatroskaFile.obj)' or at 'C:\Users\chau\Source\Repos\chaupv12\relayserver\x64\Debug\baseMedia.pdb'; linking object as if no debug info
baseMedia_x64_deb.lib(MatroskaFileParser.obj) : warning LNK4099: PDB '' was not found with 'baseMedia_x64_deb.lib(MatroskaFileParser.obj)' or at ''; linking object as if no debug info
baseMedia_x64_deb.lib(MatroskaFileServerDemux.obj) : warning LNK4099: PDB 'baseMedia.pdb' was not found with 'baseMedia_x64_deb.lib(MatroskaFileServerDemux.obj)' or at 'C:\Users\chau\Source\Repos\chaupv12\relayserver\x64\Debug\baseMedia.pdb'; linking object as if no debug info
baseMedia_x64_deb.lib(MatroskaFileServerMediaSubsession.obj) : warning LNK4099: PDB '' was not found with 'baseMedia_x64_deb.lib(MatroskaFileServerMediaSubsession.obj)' or at ''; linking object as if no debug info
baseMedia_x64_deb.lib(Media.obj) : warning LNK4099: PDB 'baseMedia.pdb' was not found with 'baseMedia_x64_deb.lib(Media.obj)' or at 'C:\Users\chau\Source\Repos\chaupv12\relayserver\x64\Debug\baseMedia.pdb'; linking object as if no debug info
baseMedia_x64_deb.lib(MediaSession.obj) : warning LNK4099: PDB 'baseMedia.pdb' was not found with 'baseMedia_x64_deb.lib(MediaSession.obj)' or at 'C:\Users\chau\Source\Repos\chaupv12\relayserver\x64\Debug\baseMedia.pdb'; linking object as if no debug info
baseMedia_x64_deb.lib(MediaSink.obj) : warning LNK4099: PDB 'baseMedia.pdb' was not found with 'baseMedia_x64_deb.lib(MediaSink.obj)' or at 'C:\Users\chau\Source\Repos\chaupv12\relayserver\x64\Debug\baseMedia.pdb'; linking object as if no debug info
baseMedia_x64_deb.lib(MediaSource.obj) : warning LNK4099: PDB '' was not found with 'baseMedia_x64_deb.lib(MediaSource.obj)' or at ''; linking object as if no debug info
baseMedia_x64_deb.lib(MIKEY.obj) : warning LNK4099: PDB 'baseMedia.pdb' was not found with 'baseMedia_x64_deb.lib(MIKEY.obj)' or at 'C:\Users\chau\Source\Repos\chaupv12\relayserver\x64\Debug\baseMedia.pdb'; linking object as if no debug info
baseMedia_x64_deb.lib(MP3ADU.obj) : warning LNK4099: PDB '' was not found with 'baseMedia_x64_deb.lib(MP3ADU.obj)' or at ''; linking object as if no debug info
baseMedia_x64_deb.lib(MP3ADUdescriptor.obj) : warning LNK4099: PDB 'baseMedia.pdb' was not found with 'baseMedia_x64_deb.lib(MP3ADUdescriptor.obj)' or at 'C:\Users\chau\Source\Repos\chaupv12\relayserver\x64\Debug\baseMedia.pdb'; linking object as if no debug info
baseMedia_x64_deb.lib(MP3ADUinterleaving.obj) : warning LNK4099: PDB '' was not found with 'baseMedia_x64_deb.lib(MP3ADUinterleaving.obj)' or at ''; linking object as if no debug info
baseMedia_x64_deb.lib(MP3ADURTPSink.obj) : warning LNK4099: PDB '' was not found with 'baseMedia_x64_deb.lib(MP3ADURTPSink.obj)' or at ''; linking object as if no debug info
baseMedia_x64_deb.lib(MP3ADURTPSource.obj) : warning LNK4099: PDB '' was not found with 'baseMedia_x64_deb.lib(MP3ADURTPSource.obj)' or at ''; linking object as if no debug info
baseMedia_x64_deb.lib(MP3AudioFileServerMediaSubsession.obj) : warning LNK4099: PDB 'baseMedia.pdb' was not found with 'baseMedia_x64_deb.lib(MP3AudioFileServerMediaSubsession.obj)' or at 'C:\Users\chau\Source\Repos\chaupv12\relayserver\x64\Debug\baseMedia.pdb'; linking object as if no debug info
baseMedia_x64_deb.lib(MP3AudioMatroskaFileServerMediaSubsession.obj) : warning LNK4099: PDB 'baseMedia.pdb' was not found with 'baseMedia_x64_deb.lib(MP3AudioMatroskaFileServerMediaSubsession.obj)' or at 'C:\Users\chau\Source\Repos\chaupv12\relayserver\x64\Debug\baseMedia.pdb'; linking object as if no debug info
baseMedia_x64_deb.lib(MP3FileSource.obj) : warning LNK4099: PDB 'baseMedia.pdb' was not found with 'baseMedia_x64_deb.lib(MP3FileSource.obj)' or at 'C:\Users\chau\Source\Repos\chaupv12\relayserver\x64\Debug\baseMedia.pdb'; linking object as if no debug info
baseMedia_x64_deb.lib(MP3Internals.obj) : warning LNK4099: PDB '' was not found with 'baseMedia_x64_deb.lib(MP3Internals.obj)' or at ''; linking object as if no debug info
baseMedia_x64_deb.lib(MP3InternalsHuffman.obj) : warning LNK4099: PDB 'baseMedia.pdb' was not found with 'baseMedia_x64_deb.lib(MP3InternalsHuffman.obj)' or at 'C:\Users\chau\Source\Repos\chaupv12\relayserver\x64\Debug\baseMedia.pdb'; linking object as if no debug info
baseMedia_x64_deb.lib(MP3InternalsHuffmanTable.obj) : warning LNK4099: PDB '' was not found with 'baseMedia_x64_deb.lib(MP3InternalsHuffmanTable.obj)' or at ''; linking object as if no debug info
baseMedia_x64_deb.lib(MP3StreamState.obj) : warning LNK4099: PDB 'baseMedia.pdb' was not found with 'baseMedia_x64_deb.lib(MP3StreamState.obj)' or at 'C:\Users\chau\Source\Repos\chaupv12\relayserver\x64\Debug\baseMedia.pdb'; linking object as if no debug info
baseMedia_x64_deb.lib(MPEG1or2AudioRTPSink.obj) : warning LNK4099: PDB '' was not found with 'baseMedia_x64_deb.lib(MPEG1or2AudioRTPSink.obj)' or at ''; linking object as if no debug info
baseMedia_x64_deb.lib(MPEG1or2AudioRTPSource.obj) : warning LNK4099: PDB 'baseMedia.pdb' was not found with 'baseMedia_x64_deb.lib(MPEG1or2AudioRTPSource.obj)' or at 'C:\Users\chau\Source\Repos\chaupv12\relayserver\x64\Debug\baseMedia.pdb'; linking object as if no debug info
baseMedia_x64_deb.lib(MPEG1or2AudioStreamFramer.obj) : warning LNK4099: PDB '' was not found with 'baseMedia_x64_deb.lib(MPEG1or2AudioStreamFramer.obj)' or at ''; linking object as if no debug info
baseMedia_x64_deb.lib(MPEG1or2Demux.obj) : warning LNK4099: PDB 'baseMedia.pdb' was not found with 'baseMedia_x64_deb.lib(MPEG1or2Demux.obj)' or at 'C:\Users\chau\Source\Repos\chaupv12\relayserver\x64\Debug\baseMedia.pdb'; linking object as if no debug info
baseMedia_x64_deb.lib(MPEG1or2DemuxedElementaryStream.obj) : warning LNK4099: PDB 'baseMedia.pdb' was not found with 'baseMedia_x64_deb.lib(MPEG1or2DemuxedElementaryStream.obj)' or at 'C:\Users\chau\Source\Repos\chaupv12\relayserver\x64\Debug\baseMedia.pdb'; linking object as if no debug info
baseMedia_x64_deb.lib(MPEG1or2DemuxedServerMediaSubsession.obj) : warning LNK4099: PDB 'baseMedia.pdb' was not found with 'baseMedia_x64_deb.lib(MPEG1or2DemuxedServerMediaSubsession.obj)' or at 'C:\Users\chau\Source\Repos\chaupv12\relayserver\x64\Debug\baseMedia.pdb'; linking object as if no debug info
baseMedia_x64_deb.lib(MPEG1or2FileServerDemux.obj) : warning LNK4099: PDB '' was not found with 'baseMedia_x64_deb.lib(MPEG1or2FileServerDemux.obj)' or at ''; linking object as if no debug info
baseMedia_x64_deb.lib(MPEG1or2VideoRTPSink.obj) : warning LNK4099: PDB 'baseMedia.pdb' was not found with 'baseMedia_x64_deb.lib(MPEG1or2VideoRTPSink.obj)' or at 'C:\Users\chau\Source\Repos\chaupv12\relayserver\x64\Debug\baseMedia.pdb'; linking object as if no debug info
baseMedia_x64_deb.lib(MPEG1or2VideoRTPSource.obj) : warning LNK4099: PDB '' was not found with 'baseMedia_x64_deb.lib(MPEG1or2VideoRTPSource.obj)' or at ''; linking object as if no debug info
baseMedia_x64_deb.lib(MPEG1or2VideoStreamDiscreteFramer.obj) : warning LNK4099: PDB 'baseMedia.pdb' was not found with 'baseMedia_x64_deb.lib(MPEG1or2VideoStreamDiscreteFramer.obj)' or at 'C:\Users\chau\Source\Repos\chaupv12\relayserver\x64\Debug\baseMedia.pdb'; linking object as if no debug info
baseMedia_x64_deb.lib(MPEG1or2VideoStreamFramer.obj) : warning LNK4099: PDB '' was not found with 'baseMedia_x64_deb.lib(MPEG1or2VideoStreamFramer.obj)' or at ''; linking object as if no debug info
baseMedia_x64_deb.lib(MPEG2TransportFileServerMediaSubsession.obj) : warning LNK4099: PDB 'baseMedia.pdb' was not found with 'baseMedia_x64_deb.lib(MPEG2TransportFileServerMediaSubsession.obj)' or at 'C:\Users\chau\Source\Repos\chaupv12\relayserver\x64\Debug\baseMedia.pdb'; linking object as if no debug info
baseMedia_x64_deb.lib(MPEG2TransportStreamFramer.obj) : warning LNK4099: PDB '' was not found with 'baseMedia_x64_deb.lib(MPEG2TransportStreamFramer.obj)' or at ''; linking object as if no debug info
baseMedia_x64_deb.lib(MPEG2TransportStreamFromESSource.obj) : warning LNK4099: PDB 'baseMedia.pdb' was not found with 'baseMedia_x64_deb.lib(MPEG2TransportStreamFromESSource.obj)' or at 'C:\Users\chau\Source\Repos\chaupv12\relayserver\x64\Debug\baseMedia.pdb'; linking object as if no debug info
baseMedia_x64_deb.lib(MPEG2TransportStreamIndexFile.obj) : warning LNK4099: PDB '' was not found with 'baseMedia_x64_deb.lib(MPEG2TransportStreamIndexFile.obj)' or at ''; linking object as if no debug info
baseMedia_x64_deb.lib(MPEG2TransportStreamMultiplexor.obj) : warning LNK4099: PDB 'baseMedia.pdb' was not found with 'baseMedia_x64_deb.lib(MPEG2TransportStreamMultiplexor.obj)' or at 'C:\Users\chau\Source\Repos\chaupv12\relayserver\x64\Debug\baseMedia.pdb'; linking object as if no debug info
baseMedia_x64_deb.lib(MPEG2TransportStreamTrickModeFilter.obj) : warning LNK4099: PDB 'baseMedia.pdb' was not found with 'baseMedia_x64_deb.lib(MPEG2TransportStreamTrickModeFilter.obj)' or at 'C:\Users\chau\Source\Repos\chaupv12\relayserver\x64\Debug\baseMedia.pdb'; linking object as if no debug info
baseMedia_x64_deb.lib(MPEG4ESVideoRTPSink.obj) : warning LNK4099: PDB 'baseMedia.pdb' was not found with 'baseMedia_x64_deb.lib(MPEG4ESVideoRTPSink.obj)' or at 'C:\Users\chau\Source\Repos\chaupv12\relayserver\x64\Debug\baseMedia.pdb'; linking object as if no debug info
baseMedia_x64_deb.lib(MPEG4ESVideoRTPSource.obj) : warning LNK4099: PDB 'baseMedia.pdb' was not found with 'baseMedia_x64_deb.lib(MPEG4ESVideoRTPSource.obj)' or at 'C:\Users\chau\Source\Repos\chaupv12\relayserver\x64\Debug\baseMedia.pdb'; linking object as if no debug info
baseMedia_x64_deb.lib(MPEG4GenericRTPSink.obj) : warning LNK4099: PDB 'baseMedia.pdb' was not found with 'baseMedia_x64_deb.lib(MPEG4GenericRTPSink.obj)' or at 'C:\Users\chau\Source\Repos\chaupv12\relayserver\x64\Debug\baseMedia.pdb'; linking object as if no debug info
baseMedia_x64_deb.lib(MPEG4GenericRTPSource.obj) : warning LNK4099: PDB '' was not found with 'baseMedia_x64_deb.lib(MPEG4GenericRTPSource.obj)' or at ''; linking object as if no debug info
baseMedia_x64_deb.lib(MPEG4LATMAudioRTPSink.obj) : warning LNK4099: PDB 'baseMedia.pdb' was not found with 'baseMedia_x64_deb.lib(MPEG4LATMAudioRTPSink.obj)' or at 'C:\Users\chau\Source\Repos\chaupv12\relayserver\x64\Debug\baseMedia.pdb'; linking object as if no debug info
baseMedia_x64_deb.lib(MPEG4LATMAudioRTPSource.obj) : warning LNK4099: PDB '' was not found with 'baseMedia_x64_deb.lib(MPEG4LATMAudioRTPSource.obj)' or at ''; linking object as if no debug info
baseMedia_x64_deb.lib(MPEG4VideoFileServerMediaSubsession.obj) : warning LNK4099: PDB 'baseMedia.pdb' was not found with 'baseMedia_x64_deb.lib(MPEG4VideoFileServerMediaSubsession.obj)' or at 'C:\Users\chau\Source\Repos\chaupv12\relayserver\x64\Debug\baseMedia.pdb'; linking object as if no debug info
baseMedia_x64_deb.lib(MPEG4VideoStreamDiscreteFramer.obj) : warning LNK4099: PDB '' was not found with 'baseMedia_x64_deb.lib(MPEG4VideoStreamDiscreteFramer.obj)' or at ''; linking object as if no debug info
baseMedia_x64_deb.lib(MPEG4VideoStreamFramer.obj) : warning LNK4099: PDB 'baseMedia.pdb' was not found with 'baseMedia_x64_deb.lib(MPEG4VideoStreamFramer.obj)' or at 'C:\Users\chau\Source\Repos\chaupv12\relayserver\x64\Debug\baseMedia.pdb'; linking object as if no debug info
baseMedia_x64_deb.lib(MPEGVideoStreamFramer.obj) : warning LNK4099: PDB 'baseMedia.pdb' was not found with 'baseMedia_x64_deb.lib(MPEGVideoStreamFramer.obj)' or at 'C:\Users\chau\Source\Repos\chaupv12\relayserver\x64\Debug\baseMedia.pdb'; linking object as if no debug info
baseMedia_x64_deb.lib(MPEGVideoStreamParser.obj) : warning LNK4099: PDB 'baseMedia.pdb' was not found with 'baseMedia_x64_deb.lib(MPEGVideoStreamParser.obj)' or at 'C:\Users\chau\Source\Repos\chaupv12\relayserver\x64\Debug\baseMedia.pdb'; linking object as if no debug info
baseMedia_x64_deb.lib(MultiFramedRTPSink.obj) : warning LNK4099: PDB '' was not found with 'baseMedia_x64_deb.lib(MultiFramedRTPSink.obj)' or at ''; linking object as if no debug info
baseMedia_x64_deb.lib(MultiFramedRTPSource.obj) : warning LNK4099: PDB 'baseMedia.pdb' was not found with 'baseMedia_x64_deb.lib(MultiFramedRTPSource.obj)' or at 'C:\Users\chau\Source\Repos\chaupv12\relayserver\x64\Debug\baseMedia.pdb'; linking object as if no debug info
baseMedia_x64_deb.lib(OggDemuxedTrack.obj) : warning LNK4099: PDB 'baseMedia.pdb' was not found with 'baseMedia_x64_deb.lib(OggDemuxedTrack.obj)' or at 'C:\Users\chau\Source\Repos\chaupv12\relayserver\x64\Debug\baseMedia.pdb'; linking object as if no debug info
baseMedia_x64_deb.lib(OggFile.obj) : warning LNK4099: PDB 'baseMedia.pdb' was not found with 'baseMedia_x64_deb.lib(OggFile.obj)' or at 'C:\Users\chau\Source\Repos\chaupv12\relayserver\x64\Debug\baseMedia.pdb'; linking object as if no debug info
baseMedia_x64_deb.lib(OggFileParser.obj) : warning LNK4099: PDB 'baseMedia.pdb' was not found with 'baseMedia_x64_deb.lib(OggFileParser.obj)' or at 'C:\Users\chau\Source\Repos\chaupv12\relayserver\x64\Debug\baseMedia.pdb'; linking object as if no debug info
baseMedia_x64_deb.lib(OggFileServerDemux.obj) : warning LNK4099: PDB 'baseMedia.pdb' was not found with 'baseMedia_x64_deb.lib(OggFileServerDemux.obj)' or at 'C:\Users\chau\Source\Repos\chaupv12\relayserver\x64\Debug\baseMedia.pdb'; linking object as if no debug info
baseMedia_x64_deb.lib(OggFileServerMediaSubsession.obj) : warning LNK4099: PDB 'baseMedia.pdb' was not found with 'baseMedia_x64_deb.lib(OggFileServerMediaSubsession.obj)' or at 'C:\Users\chau\Source\Repos\chaupv12\relayserver\x64\Debug\baseMedia.pdb'; linking object as if no debug info
baseMedia_x64_deb.lib(OggFileSink.obj) : warning LNK4099: PDB 'baseMedia.pdb' was not found with 'baseMedia_x64_deb.lib(OggFileSink.obj)' or at 'C:\Users\chau\Source\Repos\chaupv12\relayserver\x64\Debug\baseMedia.pdb'; linking object as if no debug info
baseMedia_x64_deb.lib(OnDemandServerMediaSubsession.obj) : warning LNK4099: PDB '' was not found with 'baseMedia_x64_deb.lib(OnDemandServerMediaSubsession.obj)' or at ''; linking object as if no debug info
baseMedia_x64_deb.lib(ourMD5.obj) : warning LNK4099: PDB 'baseMedia.pdb' was not found with 'baseMedia_x64_deb.lib(ourMD5.obj)' or at 'C:\Users\chau\Source\Repos\chaupv12\relayserver\x64\Debug\baseMedia.pdb'; linking object as if no debug info
baseMedia_x64_deb.lib(OutputFile.obj) : warning LNK4099: PDB '' was not found with 'baseMedia_x64_deb.lib(OutputFile.obj)' or at ''; linking object as if no debug info
baseMedia_x64_deb.lib(ProxyServerMediaSession.obj) : warning LNK4099: PDB 'baseMedia.pdb' was not found with 'baseMedia_x64_deb.lib(ProxyServerMediaSession.obj)' or at 'C:\Users\chau\Source\Repos\chaupv12\relayserver\x64\Debug\baseMedia.pdb'; linking object as if no debug info
baseMedia_x64_deb.lib(ProxyServerMediaSubsession.obj) : warning LNK4099: PDB 'baseMedia.pdb' was not found with 'baseMedia_x64_deb.lib(ProxyServerMediaSubsession.obj)' or at 'C:\Users\chau\Source\Repos\chaupv12\relayserver\x64\Debug\baseMedia.pdb'; linking object as if no debug info
baseMedia_x64_deb.lib(QCELPAudioRTPSource.obj) : warning LNK4099: PDB 'baseMedia.pdb' was not found with 'baseMedia_x64_deb.lib(QCELPAudioRTPSource.obj)' or at 'C:\Users\chau\Source\Repos\chaupv12\relayserver\x64\Debug\baseMedia.pdb'; linking object as if no debug info
baseMedia_x64_deb.lib(QuickTimeGenericRTPSource.obj) : warning LNK4099: PDB 'baseMedia.pdb' was not found with 'baseMedia_x64_deb.lib(QuickTimeGenericRTPSource.obj)' or at 'C:\Users\chau\Source\Repos\chaupv12\relayserver\x64\Debug\baseMedia.pdb'; linking object as if no debug info
baseMedia_x64_deb.lib(RawVideoRTPSink.obj) : warning LNK4099: PDB 'baseMedia.pdb' was not found with 'baseMedia_x64_deb.lib(RawVideoRTPSink.obj)' or at 'C:\Users\chau\Source\Repos\chaupv12\relayserver\x64\Debug\baseMedia.pdb'; linking object as if no debug info
baseMedia_x64_deb.lib(RawVideoRTPSource.obj) : warning LNK4099: PDB '' was not found with 'baseMedia_x64_deb.lib(RawVideoRTPSource.obj)' or at ''; linking object as if no debug info
baseMedia_x64_deb.lib(RTCP.obj) : warning LNK4099: PDB 'baseMedia.pdb' was not found with 'baseMedia_x64_deb.lib(RTCP.obj)' or at 'C:\Users\chau\Source\Repos\chaupv12\relayserver\x64\Debug\baseMedia.pdb'; linking object as if no debug info
baseMedia_x64_deb.lib(rtcp_from_spec.obj) : warning LNK4099: PDB 'baseMedia.pdb' was not found with 'baseMedia_x64_deb.lib(rtcp_from_spec.obj)' or at 'C:\Users\chau\Source\Repos\chaupv12\relayserver\x64\Debug\baseMedia.pdb'; linking object as if no debug info
baseMedia_x64_deb.lib(RTPInterface.obj) : warning LNK4099: PDB 'baseMedia.pdb' was not found with 'baseMedia_x64_deb.lib(RTPInterface.obj)' or at 'C:\Users\chau\Source\Repos\chaupv12\relayserver\x64\Debug\baseMedia.pdb'; linking object as if no debug info
baseMedia_x64_deb.lib(RTPSink.obj) : warning LNK4099: PDB '' was not found with 'baseMedia_x64_deb.lib(RTPSink.obj)' or at ''; linking object as if no debug info
baseMedia_x64_deb.lib(RTPSource.obj) : warning LNK4099: PDB 'baseMedia.pdb' was not found with 'baseMedia_x64_deb.lib(RTPSource.obj)' or at 'C:\Users\chau\Source\Repos\chaupv12\relayserver\x64\Debug\baseMedia.pdb'; linking object as if no debug info
baseMedia_x64_deb.lib(RTSPClientv2.obj) : warning LNK4099: PDB 'baseMedia.pdb' was not found with 'baseMedia_x64_deb.lib(RTSPClientv2.obj)' or at 'C:\Users\chau\Source\Repos\chaupv12\relayserver\x64\Debug\baseMedia.pdb'; linking object as if no debug info
baseMedia_x64_deb.lib(RTSPCommon.obj) : warning LNK4099: PDB 'baseMedia.pdb' was not found with 'baseMedia_x64_deb.lib(RTSPCommon.obj)' or at 'C:\Users\chau\Source\Repos\chaupv12\relayserver\x64\Debug\baseMedia.pdb'; linking object as if no debug info
baseMedia_x64_deb.lib(RTSPRegisterSender.obj) : warning LNK4099: PDB '' was not found with 'baseMedia_x64_deb.lib(RTSPRegisterSender.obj)' or at ''; linking object as if no debug info
baseMedia_x64_deb.lib(RTSPServerv2.obj) : warning LNK4099: PDB 'baseMedia.pdb' was not found with 'baseMedia_x64_deb.lib(RTSPServerv2.obj)' or at 'C:\Users\chau\Source\Repos\chaupv12\relayserver\x64\Debug\baseMedia.pdb'; linking object as if no debug info
baseMedia_x64_deb.lib(RTSPServerRegister.obj) : warning LNK4099: PDB '' was not found with 'baseMedia_x64_deb.lib(RTSPServerRegister.obj)' or at ''; linking object as if no debug info
baseMedia_x64_deb.lib(ServerMediaSession.obj) : warning LNK4099: PDB 'baseMedia.pdb' was not found with 'baseMedia_x64_deb.lib(ServerMediaSession.obj)' or at 'C:\Users\chau\Source\Repos\chaupv12\relayserver\x64\Debug\baseMedia.pdb'; linking object as if no debug info
baseMedia_x64_deb.lib(SimpleRTPSink.obj) : warning LNK4099: PDB 'baseMedia.pdb' was not found with 'baseMedia_x64_deb.lib(SimpleRTPSink.obj)' or at 'C:\Users\chau\Source\Repos\chaupv12\relayserver\x64\Debug\baseMedia.pdb'; linking object as if no debug info
baseMedia_x64_deb.lib(SimpleRTPSource.obj) : warning LNK4099: PDB 'baseMedia.pdb' was not found with 'baseMedia_x64_deb.lib(SimpleRTPSource.obj)' or at 'C:\Users\chau\Source\Repos\chaupv12\relayserver\x64\Debug\baseMedia.pdb'; linking object as if no debug info
baseMedia_x64_deb.lib(SRTPCryptographicContext.obj) : warning LNK4099: PDB '' was not found with 'baseMedia_x64_deb.lib(SRTPCryptographicContext.obj)' or at ''; linking object as if no debug info
baseMedia_x64_deb.lib(StreamParser.obj) : warning LNK4099: PDB 'baseMedia.pdb' was not found with 'baseMedia_x64_deb.lib(StreamParser.obj)' or at 'C:\Users\chau\Source\Repos\chaupv12\relayserver\x64\Debug\baseMedia.pdb'; linking object as if no debug info
baseMedia_x64_deb.lib(T140TextRTPSink.obj) : warning LNK4099: PDB 'baseMedia.pdb' was not found with 'baseMedia_x64_deb.lib(T140TextRTPSink.obj)' or at 'C:\Users\chau\Source\Repos\chaupv12\relayserver\x64\Debug\baseMedia.pdb'; linking object as if no debug info
baseMedia_x64_deb.lib(TextRTPSink.obj) : warning LNK4099: PDB 'baseMedia.pdb' was not found with 'baseMedia_x64_deb.lib(TextRTPSink.obj)' or at 'C:\Users\chau\Source\Repos\chaupv12\relayserver\x64\Debug\baseMedia.pdb'; linking object as if no debug info
baseMedia_x64_deb.lib(TheoraVideoRTPSink.obj) : warning LNK4099: PDB '' was not found with 'baseMedia_x64_deb.lib(TheoraVideoRTPSink.obj)' or at ''; linking object as if no debug info
baseMedia_x64_deb.lib(TheoraVideoRTPSource.obj) : warning LNK4099: PDB 'baseMedia.pdb' was not found with 'baseMedia_x64_deb.lib(TheoraVideoRTPSource.obj)' or at 'C:\Users\chau\Source\Repos\chaupv12\relayserver\x64\Debug\baseMedia.pdb'; linking object as if no debug info
baseMedia_x64_deb.lib(TLSState.obj) : warning LNK4099: PDB '' was not found with 'baseMedia_x64_deb.lib(TLSState.obj)' or at ''; linking object as if no debug info
baseMedia_x64_deb.lib(uLawAudioFilter.obj) : warning LNK4099: PDB 'baseMedia.pdb' was not found with 'baseMedia_x64_deb.lib(uLawAudioFilter.obj)' or at 'C:\Users\chau\Source\Repos\chaupv12\relayserver\x64\Debug\baseMedia.pdb'; linking object as if no debug info
baseMedia_x64_deb.lib(VideoRTPSink.obj) : warning LNK4099: PDB 'baseMedia.pdb' was not found with 'baseMedia_x64_deb.lib(VideoRTPSink.obj)' or at 'C:\Users\chau\Source\Repos\chaupv12\relayserver\x64\Debug\baseMedia.pdb'; linking object as if no debug info
baseMedia_x64_deb.lib(VorbisAudioRTPSink.obj) : warning LNK4099: PDB 'baseMedia.pdb' was not found with 'baseMedia_x64_deb.lib(VorbisAudioRTPSink.obj)' or at 'C:\Users\chau\Source\Repos\chaupv12\relayserver\x64\Debug\baseMedia.pdb'; linking object as if no debug info
baseMedia_x64_deb.lib(VorbisAudioRTPSource.obj) : warning LNK4099: PDB '' was not found with 'baseMedia_x64_deb.lib(VorbisAudioRTPSource.obj)' or at ''; linking object as if no debug info
baseMedia_x64_deb.lib(VP8VideoRTPSink.obj) : warning LNK4099: PDB 'baseMedia.pdb' was not found with 'baseMedia_x64_deb.lib(VP8VideoRTPSink.obj)' or at 'C:\Users\chau\Source\Repos\chaupv12\relayserver\x64\Debug\baseMedia.pdb'; linking object as if no debug info
baseMedia_x64_deb.lib(VP8VideoRTPSource.obj) : warning LNK4099: PDB '' was not found with 'baseMedia_x64_deb.lib(VP8VideoRTPSource.obj)' or at ''; linking object as if no debug info
baseMedia_x64_deb.lib(VP9VideoRTPSink.obj) : warning LNK4099: PDB 'baseMedia.pdb' was not found with 'baseMedia_x64_deb.lib(VP9VideoRTPSink.obj)' or at 'C:\Users\chau\Source\Repos\chaupv12\relayserver\x64\Debug\baseMedia.pdb'; linking object as if no debug info
baseMedia_x64_deb.lib(VP9VideoRTPSource.obj) : warning LNK4099: PDB '' was not found with 'baseMedia_x64_deb.lib(VP9VideoRTPSource.obj)' or at ''; linking object as if no debug info
baseMedia_x64_deb.lib(WAVAudioFileServerMediaSubsession.obj) : warning LNK4099: PDB 'baseMedia.pdb' was not found with 'baseMedia_x64_deb.lib(WAVAudioFileServerMediaSubsession.obj)' or at 'C:\Users\chau\Source\Repos\chaupv12\relayserver\x64\Debug\baseMedia.pdb'; linking object as if no debug info
baseMedia_x64_deb.lib(WAVAudioFileSource.obj) : warning LNK4099: PDB '' was not found with 'baseMedia_x64_deb.lib(WAVAudioFileSource.obj)' or at ''; linking object as if no debug info
baseMedia_x64_deb.lib(GroupEId.obj) : warning LNK4099: PDB 'baseMedia.pdb' was not found with 'baseMedia_x64_deb.lib(GroupEId.obj)' or at 'C:\Users\chau\Source\Repos\chaupv12\relayserver\x64\Debug\baseMedia.pdb'; linking object as if no debug info
baseMedia_x64_deb.lib(Groupsock.obj) : warning LNK4099: PDB '' was not found with 'baseMedia_x64_deb.lib(Groupsock.obj)' or at ''; linking object as if no debug info
baseMedia_x64_deb.lib(GroupsockHelper.obj) : warning LNK4099: PDB 'baseMedia.pdb' was not found with 'baseMedia_x64_deb.lib(GroupsockHelper.obj)' or at 'C:\Users\chau\Source\Repos\chaupv12\relayserver\x64\Debug\baseMedia.pdb'; linking object as if no debug info
baseMedia_x64_deb.lib(inet.obj) : warning LNK4099: PDB 'baseMedia.pdb' was not found with 'baseMedia_x64_deb.lib(inet.obj)' or at 'C:\Users\chau\Source\Repos\chaupv12\relayserver\x64\Debug\baseMedia.pdb'; linking object as if no debug info
baseMedia_x64_deb.lib(NetAddress.obj) : warning LNK4099: PDB 'baseMedia.pdb' was not found with 'baseMedia_x64_deb.lib(NetAddress.obj)' or at 'C:\Users\chau\Source\Repos\chaupv12\relayserver\x64\Debug\baseMedia.pdb'; linking object as if no debug info
baseMedia_x64_deb.lib(NetInterface.obj) : warning LNK4099: PDB 'baseMedia.pdb' was not found with 'baseMedia_x64_deb.lib(NetInterface.obj)' or at 'C:\Users\chau\Source\Repos\chaupv12\relayserver\x64\Debug\baseMedia.pdb'; linking object as if no debug info
  relaystreamserver.vcxproj -> C:\Users\chau\Source\Repos\chaupv12\relayserver\x64\Debug\RelayStreamServer.exe
